<?xml version="1.0" encoding="UTF-8" ?>
<testsuite tests="5" failures="2" name="TestSuite" time="103.926" errors="0" skipped="0">
  <properties>
[...]
</properties>
  <testcase classname="com.xem.qa.testcases.dataAttributesTest" name="VerefyCreationOfNewDataAttributes" time="6.762">
    <failure message="Element &lt;h4 class=&quot;model-class-bind text-center&quot;&gt; could not be scrolled into view
Build info: version: &apos;3.141.59&apos;, revision: &apos;e82be7d358&apos;, time: &apos;2018-11-14T08:17:03&apos;
System info: host: &apos;SPT-LPT-0297&apos;, ip: &apos;10.8.16.132&apos;, os.name: &apos;Windows 10&apos;, os.arch: &apos;amd64&apos;, os.version: &apos;10.0&apos;, java.version: &apos;1.8.0_231&apos;
Driver info: org.openqa.selenium.firefox.FirefoxDriver
Capabilities {acceptInsecureCerts: true, browserName: firefox, browserVersion: 72.0.2, javascriptEnabled: true, moz:accessibilityChecks: false, moz:buildID: 20200117190643, moz:geckodriverVersion: 0.26.0, moz:headless: false, moz:processID: 2012, moz:profile: C:\Users\uwatane\AppData\Lo..., moz:shutdownTimeout: 60000, moz:useNonSpecCompliantPointerOrigin: false, moz:webdriverClick: true, pageLoadStrategy: normal, platform: WINDOWS, platformName: WINDOWS, platformVersion: 10.0, rotatable: false, setWindowRect: true, strictFileInteractability: false, timeouts: {implicit: 0, pageLoad: 300000, script: 30000}, unhandledPromptBehavior: dismiss and notify}
Session ID: 82c055d6-6083-4d7f-8163-0a9ef467b29f" type="org.openqa.selenium.ElementNotInteractableException">org.openqa.selenium.ElementNotInteractableException: Element &lt;h4 class=&quot;model-class-bind text-center&quot;&gt; could not be scrolled into view
Build info: version: &apos;3.141.59&apos;, revision: &apos;e82be7d358&apos;, time: &apos;2018-11-14T08:17:03&apos;
System info: host: &apos;SPT-LPT-0297&apos;, ip: &apos;10.8.16.132&apos;, os.name: &apos;Windows 10&apos;, os.arch: &apos;amd64&apos;, os.version: &apos;10.0&apos;, java.version: &apos;1.8.0_231&apos;
Driver info: org.openqa.selenium.firefox.FirefoxDriver
Capabilities {acceptInsecureCerts: true, browserName: firefox, browserVersion: 72.0.2, javascriptEnabled: true, moz:accessibilityChecks: false, moz:buildID: 20200117190643, moz:geckodriverVersion: 0.26.0, moz:headless: false, moz:processID: 2012, moz:profile: C:\Users\uwatane\AppData\Lo..., moz:shutdownTimeout: 60000, moz:useNonSpecCompliantPointerOrigin: false, moz:webdriverClick: true, pageLoadStrategy: normal, platform: WINDOWS, platformName: WINDOWS, platformVersion: 10.0, rotatable: false, setWindowRect: true, strictFileInteractability: false, timeouts: {implicit: 0, pageLoad: 300000, script: 30000}, unhandledPromptBehavior: dismiss and notify}
Session ID: 82c055d6-6083-4d7f-8163-0a9ef467b29f
	at sun.reflect.NativeConstructorAccessorImpl.newInstance0(Native Method)
	at sun.reflect.NativeConstructorAccessorImpl.newInstance(NativeConstructorAccessorImpl.java:62)
	at sun.reflect.DelegatingConstructorAccessorImpl.newInstance(DelegatingConstructorAccessorImpl.java:45)
	at java.lang.reflect.Constructor.newInstance(Constructor.java:423)
	at org.openqa.selenium.remote.http.W3CHttpResponseCodec.createException(W3CHttpResponseCodec.java:187)
	at org.openqa.selenium.remote.http.W3CHttpResponseCodec.decode(W3CHttpResponseCodec.java:122)
	at org.openqa.selenium.remote.http.W3CHttpResponseCodec.decode(W3CHttpResponseCodec.java:49)
	at org.openqa.selenium.remote.HttpCommandExecutor.execute(HttpCommandExecutor.java:158)
	at org.openqa.selenium.remote.service.DriverCommandExecutor.execute(DriverCommandExecutor.java:83)
	at org.openqa.selenium.remote.RemoteWebDriver.execute(RemoteWebDriver.java:552)
	at org.openqa.selenium.remote.RemoteWebElement.execute(RemoteWebElement.java:285)
	at org.openqa.selenium.remote.RemoteWebElement.click(RemoteWebElement.java:84)
	at sun.reflect.NativeMethodAccessorImpl.invoke0(Native Method)
	at sun.reflect.NativeMethodAccessorImpl.invoke(NativeMethodAccessorImpl.java:62)
	at sun.reflect.DelegatingMethodAccessorImpl.invoke(DelegatingMethodAccessorImpl.java:43)
	at java.lang.reflect.Method.invoke(Method.java:498)
	at org.openqa.selenium.support.pagefactory.internal.LocatingElementHandler.invoke(LocatingElementHandler.java:51)
	at com.sun.proxy.$Proxy26.click(Unknown Source)
	at com.xem.qa.testcases.dataAttributesTest.VerefyCreationOfNewDataAttributes(dataAttributesTest.java:53)
</failure>
    <system-out>Configuring TestNG with: org.apache.maven.surefire.testng.conf.TestNG652Configurator@21588809
[INFO ] 2020-02-25 13:03:37.045 [main] Log4jUtil - launching browser
[INFO ] 2020-02-25 13:04:01.925 [main] Log4jUtil - Login Successfully
[INFO ] 2020-02-25 13:04:07.886 [main] Log4jUtil - Clicked on DataAttribute
[INFO ] 2020-02-25 13:04:08.609 [main] Log4jUtil - Clicked on NewModel link
</system-out>
    <system-err>1582616003619	mozrunner::runner	INFO	Running command: &quot;C:\\Program Files\\Mozilla Firefox\\firefox.exe&quot; &quot;-marionette&quot; &quot;-foreground&quot; &quot;-no-remote&quot; &quot;-profile&quot; &quot;C:\\Users\\uwatane\\AppData\\Local\\Temp\\rust_mozprofile0QVmcH&quot;
1582616004154	addons.webextension.doh-rollout@mozilla.org	WARN	Loading extension &apos;doh-rollout@mozilla.org&apos;: Reading manifest: Invalid extension permission: networkStatus
1582616004262	addons.webextension.screenshots@mozilla.org	WARN	Loading extension &apos;screenshots@mozilla.org&apos;: Reading manifest: Invalid extension permission: mozillaAddons
1582616004262	addons.webextension.screenshots@mozilla.org	WARN	Loading extension &apos;screenshots@mozilla.org&apos;: Reading manifest: Invalid extension permission: telemetry
1582616004262	addons.webextension.screenshots@mozilla.org	WARN	Loading extension &apos;screenshots@mozilla.org&apos;: Reading manifest: Invalid extension permission: resource://pdf.js/
1582616004262	addons.webextension.screenshots@mozilla.org	WARN	Loading extension &apos;screenshots@mozilla.org&apos;: Reading manifest: Invalid extension permission: about:reader*
JavaScript error: resource://gre/modules/XULStore.jsm, line 66: Error: Can&apos;t find profile directory.
1582616006619	Marionette	INFO	Listening on port 54542
1582616006754	Marionette	WARN	TLS certificate errors will be ignored for this session
Feb 25, 2020 1:03:26 PM org.openqa.selenium.remote.ProtocolHandshake createSession
INFO: Detected dialect: W3C
JavaScript warning: https://r4-qa.r4cloud.com/R4Portal/Wilbur/lib/jqwidgets/jqx-all.js, line 7: unreachable code after return statement
JavaScript warning: https://r4-qa.r4cloud.com/R4Portal/Wilbur/lib/jqwidgets/jqx-all.js, line 7: unreachable code after return statement
1582616048329	Marionette	WARN	TimedPromise timed out after 500 ms: stacktrace:
bail@chrome://marionette/content/sync.js:237:64
1582616048606	Marionette	WARN	TimedPromise timed out after 500 ms: stacktrace:
bail@chrome://marionette/content/sync.js:237:64
</system-err>
  </testcase>
  <testcase classname="com.xem.qa.testcases.HomePageTest" name="searchTest" time="5.781"/>
  <testcase classname="com.xem.qa.testcases.IngestClassAndSubclassTest" name="VerifyCreateNewClass" time="44.721"/>
  <testcase classname="com.xem.qa.testcases.LoginPageTest" name="loginTest" time="20.764"/>
  <testcase classname="com.xem.qa.testcases.NewDataSourceTest" name="createNewDataSource" time="25.898">
    <failure message="Unable to locate element: /html/body/div[2]/div[5]/div/div/main/section[46]/div[5]/div[1]/div[2]/div/div[1]/div[1]
For documentation on this error, please visit: https://www.seleniumhq.org/exceptions/no_such_element.html
Build info: version: &apos;3.141.59&apos;, revision: &apos;e82be7d358&apos;, time: &apos;2018-11-14T08:17:03&apos;
System info: host: &apos;SPT-LPT-0297&apos;, ip: &apos;10.8.16.132&apos;, os.name: &apos;Windows 10&apos;, os.arch: &apos;amd64&apos;, os.version: &apos;10.0&apos;, java.version: &apos;1.8.0_231&apos;
Driver info: org.openqa.selenium.firefox.FirefoxDriver
Capabilities {acceptInsecureCerts: true, browserName: firefox, browserVersion: 72.0.2, javascriptEnabled: true, moz:accessibilityChecks: false, moz:buildID: 20200117190643, moz:geckodriverVersion: 0.26.0, moz:headless: false, moz:processID: 6408, moz:profile: C:\Users\uwatane\AppData\Lo..., moz:shutdownTimeout: 60000, moz:useNonSpecCompliantPointerOrigin: false, moz:webdriverClick: true, pageLoadStrategy: normal, platform: WINDOWS, platformName: WINDOWS, platformVersion: 10.0, rotatable: false, setWindowRect: true, strictFileInteractability: false, timeouts: {implicit: 0, pageLoad: 300000, script: 30000}, unhandledPromptBehavior: dismiss and notify}
Session ID: 866210b5-fc50-434a-bbb3-e4bbc586d114
*** Element info: {Using=xpath, value=/html/body/div[2]/div[5]/div/div/main/section[46]/div[5]/div[1]/div[2]/div/div[1]/div[1]}" type="org.openqa.selenium.NoSuchElementException">org.openqa.selenium.NoSuchElementException: Unable to locate element: /html/body/div[2]/div[5]/div/div/main/section[46]/div[5]/div[1]/div[2]/div/div[1]/div[1]
For documentation on this error, please visit: https://www.seleniumhq.org/exceptions/no_such_element.html
Build info: version: &apos;3.141.59&apos;, revision: &apos;e82be7d358&apos;, time: &apos;2018-11-14T08:17:03&apos;
System info: host: &apos;SPT-LPT-0297&apos;, ip: &apos;10.8.16.132&apos;, os.name: &apos;Windows 10&apos;, os.arch: &apos;amd64&apos;, os.version: &apos;10.0&apos;, java.version: &apos;1.8.0_231&apos;
Driver info: org.openqa.selenium.firefox.FirefoxDriver
Capabilities {acceptInsecureCerts: true, browserName: firefox, browserVersion: 72.0.2, javascriptEnabled: true, moz:accessibilityChecks: false, moz:buildID: 20200117190643, moz:geckodriverVersion: 0.26.0, moz:headless: false, moz:processID: 6408, moz:profile: C:\Users\uwatane\AppData\Lo..., moz:shutdownTimeout: 60000, moz:useNonSpecCompliantPointerOrigin: false, moz:webdriverClick: true, pageLoadStrategy: normal, platform: WINDOWS, platformName: WINDOWS, platformVersion: 10.0, rotatable: false, setWindowRect: true, strictFileInteractability: false, timeouts: {implicit: 0, pageLoad: 300000, script: 30000}, unhandledPromptBehavior: dismiss and notify}
Session ID: 866210b5-fc50-434a-bbb3-e4bbc586d114
*** Element info: {Using=xpath, value=/html/body/div[2]/div[5]/div/div/main/section[46]/div[5]/div[1]/div[2]/div/div[1]/div[1]}
	at sun.reflect.NativeConstructorAccessorImpl.newInstance0(Native Method)
	at sun.reflect.NativeConstructorAccessorImpl.newInstance(NativeConstructorAccessorImpl.java:62)
	at sun.reflect.DelegatingConstructorAccessorImpl.newInstance(DelegatingConstructorAccessorImpl.java:45)
	at java.lang.reflect.Constructor.newInstance(Constructor.java:423)
	at org.openqa.selenium.remote.http.W3CHttpResponseCodec.createException(W3CHttpResponseCodec.java:187)
	at org.openqa.selenium.remote.http.W3CHttpResponseCodec.decode(W3CHttpResponseCodec.java:122)
	at org.openqa.selenium.remote.http.W3CHttpResponseCodec.decode(W3CHttpResponseCodec.java:49)
	at org.openqa.selenium.remote.HttpCommandExecutor.execute(HttpCommandExecutor.java:158)
	at org.openqa.selenium.remote.service.DriverCommandExecutor.execute(DriverCommandExecutor.java:83)
	at org.openqa.selenium.remote.RemoteWebDriver.execute(RemoteWebDriver.java:552)
	at org.openqa.selenium.remote.RemoteWebDriver.findElement(RemoteWebDriver.java:323)
	at org.openqa.selenium.remote.RemoteWebDriver.findElementByXPath(RemoteWebDriver.java:428)
	at org.openqa.selenium.By$ByXPath.findElement(By.java:353)
	at org.openqa.selenium.remote.RemoteWebDriver.findElement(RemoteWebDriver.java:315)
	at org.openqa.selenium.support.pagefactory.DefaultElementLocator.findElement(DefaultElementLocator.java:69)
	at org.openqa.selenium.support.pagefactory.internal.LocatingElementHandler.invoke(LocatingElementHandler.java:38)
	at com.sun.proxy.$Proxy26.click(Unknown Source)
	at com.xem.qa.pages.NewDataSourcePage.CreateNewDataSourcePage(NewDataSourcePage.java:145)
	at com.xem.qa.testcases.NewDataSourceTest.createNewDataSource(NewDataSourceTest.java:45)
</failure>
    <system-out>[INFO ] 2020-02-25 13:07:01.178 [main] Log4jUtil - launching browser
</system-out>
    <system-err>1582616208176	mozrunner::runner	INFO	Running command: &quot;C:\\Program Files\\Mozilla Firefox\\firefox.exe&quot; &quot;-marionette&quot; &quot;-foreground&quot; &quot;-no-remote&quot; &quot;-profile&quot; &quot;C:\\Users\\uwatane\\AppData\\Local\\Temp\\rust_mozprofile1b4GB3&quot;
1582616209089	addons.webextension.doh-rollout@mozilla.org	WARN	Loading extension &apos;doh-rollout@mozilla.org&apos;: Reading manifest: Invalid extension permission: networkStatus
1582616209351	addons.webextension.screenshots@mozilla.org	WARN	Loading extension &apos;screenshots@mozilla.org&apos;: Reading manifest: Invalid extension permission: mozillaAddons
1582616209352	addons.webextension.screenshots@mozilla.org	WARN	Loading extension &apos;screenshots@mozilla.org&apos;: Reading manifest: Invalid extension permission: telemetry
1582616209352	addons.webextension.screenshots@mozilla.org	WARN	Loading extension &apos;screenshots@mozilla.org&apos;: Reading manifest: Invalid extension permission: resource://pdf.js/
1582616209353	addons.webextension.screenshots@mozilla.org	WARN	Loading extension &apos;screenshots@mozilla.org&apos;: Reading manifest: Invalid extension permission: about:reader*
JavaScript error: https://r4-qa.r4cloud.com/R4Portal/Wilbur/js/widgets/audience/top-products-stats.js, line 598: NS_ERROR_FAILURE: 
JavaScript error: resource://gre/modules/XULStore.jsm, line 66: Error: Can&apos;t find profile directory.
1582616212518	Marionette	INFO	Listening on port 54748
1582616212924	Marionette	WARN	TLS certificate errors will be ignored for this session
Feb 25, 2020 1:06:52 PM org.openqa.selenium.remote.ProtocolHandshake createSession
INFO: Detected dialect: W3C
JavaScript warning: https://r4-qa.r4cloud.com/R4Portal/Wilbur/lib/jqwidgets/jqx-all.js, line 7: unreachable code after return statement
JavaScript warning: https://r4-qa.r4cloud.com/R4Portal/Wilbur/lib/jqwidgets/jqx-all.js, line 7: unreachable code after return statement
JavaScript error: https://r4-qa.r4cloud.com/R4Portal/Wilbur/js/controllers/qa/RootScope_Extensions.js, line 3: TypeError: scope is undefined
JavaScript error: https://r4-qa.r4cloud.com/R4Portal/Wilbur/js/widgets/audience/top-products-stats.js, line 598: NS_ERROR_FAILURE: 
1582616254866	Marionette	WARN	TimedPromise timed out after 500 ms: stacktrace:
bail@chrome://marionette/content/sync.js:237:64
</system-err>
  </testcase>
</testsuite>